

HI-TECH Software PICC Macro Assembler V8.05PL1
                                                      Tue May 20 16:32:14 2025


     1                           	processor	16F877A
     2                           	opt	pw 79
     3                           	psect	__Z49231UD_,global,delta=1
     4                           	psect	rdata_0,global,class=BANK0,space=1,delta
      +                          =1
     5                           	psect	idata_0,global,class=CODE,delta=2
     6                           	psect	text0,local,class=CODE,delta=2
     7                           	psect	text1,local,class=CODE,delta=2
     8                           	psect	text2,local,class=CODE,delta=2
     9                           	psect	intcode,global,class=CODE,delta=2
    10                           	psect	intsave_0,global,ovrld,class=COMBANK,spa
      +                          ce=1,delta=1
    11                           	psect	intret,global,class=CODE,delta=2
    12                           	psect	intentry,global,class=CODE,delta=2
    13                           	psect	intsave,global,class=BANK0,space=1,delta
      +                          =1
    14                           	psect	text4,local,class=CODE,delta=2
    15                           	psect	rbss_0,global,class=BANK0,space=1,delta=
      +                          1
    16  0000                     
    17  0000                     
    18  0000                     
    19  0000                     
    20  0000                     
    21  0000                     
    22  0000                     
    23  0000                     
    24  0000                     
    25  0000                     
    26                           
    27                           	psect	rdata_0
    28  002B                     _table
    29  002B                     	ds	1
    30  002C                     	ds	1
    31  002D                     	ds	1
    32  002E                     	ds	1
    33  002F                     	ds	1
    34  0030                     	ds	1
    35  0031                     	ds	1
    36  0032                     	ds	1
    37  0033                     	ds	1
    38  0034                     	ds	1
    39  0035                     	ds	1
    40  0036                     	ds	1
    41  0037                     	ds	1
    42  0038                     	ds	1
    43  0039                     	ds	1
    44  003A                     	ds	1
    45  003B                     	ds	1
    46  003C                     	ds	1
    47  003D                     	ds	1
    48  003E                     	ds	1
    49  003F                     	ds	1
    50  0000                     _delay$Y	set	?_delay
    51                           
    52                           	psect	idata_0
    53  07EB  346D               	retlw	109
    54  07EC  3479               	retlw	121
    55  07ED  3420               	retlw	32
    56  07EE  346E               	retlw	110
    57  07EF  3461               	retlw	97
    58  07F0  346D               	retlw	109
    59  07F1  3465               	retlw	101
    60  07F2  3420               	retlw	32
    61  07F3  3469               	retlw	105
    62  07F4  3473               	retlw	115
    63  07F5  3420               	retlw	32
    64  07F6  3470               	retlw	112
    65  07F7  3469               	retlw	105
    66  07F8  3463               	retlw	99
    67  07F9  3431               	retlw	49
    68  07FA  3436               	retlw	54
    69  07FB  3466               	retlw	102
    70  07FC  3438               	retlw	56
    71  07FD  3437               	retlw	55
    72  07FE  3437               	retlw	55
    73  07FF  3420               	retlw	32
    74                           
    75                           	psect	text0
    76  079E                     _delay
    77  0000                     _delay$i	set	?a_delay
    78  079E  0183               	clrf	3	;select bank 0
    79  079F  0823               	movf	?_delay,w
    80  07A0  00A5               	movwf	?a_delay
    81  07A1  0824               	movf	?_delay+1,w
    82  07A2  00A6               	movwf	?a_delay+1
    83  07A3  0425               	iorwf	?a_delay,w
    84  07A4  1903               	btfsc	3,2
    85  07A5  0008               	return
    86  07A6                     l2
    87  07A6  08A5               	movf	?a_delay
    88  07A7  1903               	btfsc	3,2
    89  07A8  03A6               	decf	?a_delay+1
    90  07A9  03A5               	decf	?a_delay
    91  07AA  0826               	movf	?a_delay+1,w
    92  07AB  0425               	iorwf	?a_delay,w
    93  07AC  1903               	btfsc	3,2
    94  07AD  0008               	return
    95  07AE  2FA6               	goto	l2
    96                           ;Untitled.c: 14: main()
    97                           ;Untitled.c: 15: {addr=0;
    98  07AF                     _main
    99  07AF  1283               	bcf	3,5
   100  07B0  1303               	bcf	3,6	;carry unused
   101  07B1  01A1               	clrf	_addr
   102                           ;Untitled.c: 16: TRISC=0xff;
   103  07B2  30FF               	movlw	-1
   104  07B3  1683               	bsf	3,5
   105  07B4  0087               	movwf	7	;volatile
   106                           ;Untitled.c: 17: SPBRG=12;
   107  07B5  300C               	movlw	12
   108  07B6  0099               	movwf	25	;volatile
   109                           ;Untitled.c: 18: TXSTA=0B00100100;
   110  07B7  3024               	movlw	36
   111  07B8  0098               	movwf	24	;volatile
   112                           ;Untitled.c: 19: RCSTA=0B10010000;
   113  07B9  3090               	movlw	-112
   114  07BA  1283               	bcf	3,5
   115  07BB  0098               	movwf	24	;volatile
   116                           ;Untitled.c: 20: GIE=1;PEIE=1;RCIE=1;
   117  07BC  178B               	bsf	11,7
   118  07BD  170B               	bsf	11,6
   119  07BE  1683               	bsf	3,5
   120  07BF  168C               	bsf	12,5
   121                           ;Untitled.c: 21: for(x=0;x<21;x++)
   122  07C0  1283               	bcf	3,5
   123  07C1  01A2               	clrf	_x
   124  07C2  2FCF               	goto	l19
   125  07C3                     l16
   126                           ;Untitled.c: 22: {
   127                           ;Untitled.c: 23: TXREG=table[x];
   128  07C3  0822               	movf	_x,w
   129  07C4  3E2B               	addlw	_table
   130  07C5  0084               	movwf	4
   131  07C6  1383               	bcf	3,7
   132  07C7  0800               	movf	0,w
   133  07C8  0099               	movwf	25	;volatile
   134                           ;Untitled.c: 24: delay(500);
   135  07C9  30F4               	movlw	244
   136  07CA  00A3               	movwf	?_delay
   137  07CB  3001               	movlw	1
   138  07CC  00A4               	movwf	?_delay+1
   139  07CD  279E               	fcall	_delay
   140                           ;Untitled.c: 25: }
   141  07CE  0AA2               	incf	_x
   142  07CF                     l19
   143  07CF  3015               	movlw	21
   144  07D0  0222               	subwf	_x,w
   145  07D1  1C03               	btfss	3,0
   146  07D2  2FC3               	goto	l16
   147                           ;Untitled.c: 26: for(x=0;x<100;x++)
   148  07D3  01A2               	clrf	_x
   149  07D4                     l23
   150  07D4  3064               	movlw	100
   151  07D5  0222               	subwf	_x,w
   152  07D6  1803               	btfsc	3,0
   153  07D7  2FE9               	goto	l21
   154                           ;Untitled.c: 27: {
   155                           ;Untitled.c: 28: TXREG=((EEADR=(x)),(EECON1&=0x
      +                          7F),(RD=1),EEDATA);
   156  07D8  0822               	movf	_x,w
   157  07D9  1703               	bsf	3,6
   158  07DA  008D               	movwf	13	;volatile
   159  07DB  1683               	bsf	3,5
   160  07DC  138C               	bcf	12,7	;volatile
   161  07DD  140C               	bsf	12,0
   162  07DE  1283               	bcf	3,5
   163  07DF  080C               	movf	12,w	;volatile
   164  07E0  1303               	bcf	3,6	;carry unused
   165  07E1  0099               	movwf	25	;volatile
   166                           ;Untitled.c: 29: delay(500);
   167  07E2  30F4               	movlw	244
   168  07E3  00A3               	movwf	?_delay
   169  07E4  3001               	movlw	1
   170  07E5  00A4               	movwf	?_delay+1
   171  07E6  279E               	fcall	_delay
   172                           ;Untitled.c: 30: }
   173  07E7  0AA2               	incf	_x
   174  07E8  2FD4               	goto	l23
   175  07E9                     l21
   176                           ;Untitled.c: 31: addr=0;
   177  07E9  01A1               	clrf	_addr
   178                           ;Untitled.c: 32: while(1);
   179  07EA                     l24
   180  07EA  2FEA               	goto	l24
   181                           
   182                           	psect	text1
   183  078D                     _delay1
   184                           ;	_i assigned to ?a_delay1+0
   185  0000                     _delay1$i	set	?a_delay1
   186  078D  0183               	clrf	3	;select bank 0
   187  078E  0827               	movf	?_delay1,w
   188  078F  00A9               	movwf	?a_delay1
   189  0790  0828               	movf	?_delay1+1,w
   190  0791  00AA               	movwf	?a_delay1+1
   191  0792  0429               	iorwf	?a_delay1,w
   192  0793  1903               	btfsc	3,2
   193  0794  0008               	return
   194  0795                     l6
   195  0795  08A9               	movf	?a_delay1
   196  0796  1903               	btfsc	3,2
   197  0797  03AA               	decf	?a_delay1+1
   198  0798  03A9               	decf	?a_delay1
   199  0799  082A               	movf	?a_delay1+1,w
   200  079A  0429               	iorwf	?a_delay1,w
   201  079B  1903               	btfsc	3,2
   202  079C  0008               	return
   203  079D  2F95               	goto	l6
   204                           
   205                           	psect	intcode
   206                           ;Untitled.c: 8: void interrupt usart_seve()
   207                           ;Untitled.c: 9: {
   208  000B                     _usart_seve
   209  000B                     int_func
   210                           ;Untitled.c: 10: TXREG=RCREG;
   211  000B  0183               	clrf	3	;select bank 0
   212  000C  081A               	movf	26,w	;volatile
   213  000D  0099               	movwf	25	;volatile
   214                           ;Untitled.c: 11: while(WR)continue;EEADR=(addr)
      +                          ;EEDATA=(RCREG); EECON1&=0x7F;CARRY=0;if(GIE)CA
      +                          RRY=1;GIE=0; WREN=1;EECON2=0x55;EECON2=0xAA;WR=
      +                          1;WREN=0; if(CARRY)GIE=1;delay1(1000);
   215  000E                     l11
   216  000E  1683               	bsf	3,5
   217  000F  1703               	bsf	3,6
   218  0010  188C               	btfsc	12,1
   219  0011  280E               	goto	l11
   220  0012  1283               	bcf	3,5
   221  0013  1303               	bcf	3,6	;carry unused
   222  0014  0821               	movf	_addr,w
   223  0015  1703               	bsf	3,6
   224  0016  008D               	movwf	13	;volatile
   225  0017  1303               	bcf	3,6	;carry unused
   226  0018  081A               	movf	26,w	;volatile
   227  0019  1703               	bsf	3,6
   228  001A  008C               	movwf	12	;volatile
   229  001B  1683               	bsf	3,5
   230  001C  138C               	bcf	12,7	;volatile
   231  001D  1003               	bcf	3,0
   232  001E  1B8B               	btfsc	11,7
   233  001F  1403               	bsf	3,0
   234  0020  138B               	bcf	11,7
   235  0021  150C               	bsf	12,2
   236  0022  3055               	movlw	85
   237  0023  008D               	movwf	13	;volatile
   238  0024  30AA               	movlw	-86
   239  0025  008D               	movwf	13	;volatile
   240  0026  148C               	bsf	12,1
   241  0027  110C               	bcf	12,2
   242  0028  1803               	btfsc	3,0
   243  0029  178B               	bsf	11,7
   244  002A  30E8               	movlw	232
   245  002B  1283               	bcf	3,5
   246  002C  1303               	bcf	3,6	;carry unused
   247  002D  00A7               	movwf	?_delay1
   248  002E  3003               	movlw	3
   249  002F  00A8               	movwf	?_delay1+1
   250  0030  120A  118A  278D   	fcall	_delay1
      +       120A  118A         
   251                           ;Untitled.c: 12: addr++;
   252  0035  0AA1               	incf	_addr
   253                           
   254                           	psect	intsave_0
   255  0071                     saved_w
   256  0071                     	ds	1
   257                           
   258                           	psect	intret
   259  0036  0843               	movf	saved_pclath,w
   260  0037  008A               	movwf	10
   261  0038                     int_restore
   262  0038  0842               	movf	saved_status,w
   263  0039  0083               	movwf	3
   264  003A  0EF1               	swapf	saved_w
   265  003B  0E71               	swapf	saved_w,w
   266  003C  0009               	retfie
   267                           
   268                           	psect	intentry
   269  0004                     int_entry
   270  0004  00F1               	movwf	saved_w
   271  0005  0803               	movf	3,w
   272  0006  0183               	clrf	3
   273  0007  00C2               	movwf	saved_status
   274  0008  080A               	movf	10,w
   275  0009  00C3               	movwf	saved_pclath
   276  000A  018A               	clrf	10
   277                           
   278                           	psect	intsave
   279  0042                     saved_status
   280  0042                     	ds	1
   281  0043                     saved_pclath
   282  0043                     	ds	1
   283                           
   284                           	psect	text4
   285  0000                     
   286  0000                     
   287  0000                     
   288  0000                     
   289  0000                     
   290  0000                     
   291  0000                     
   292  0000                     
   293  0000                     
   294  0000                     
   295  0000                     
   296  0000                     
   297  0000                     
   298  0000                     
   299  0000                     
   300  0000                     
   301  0000                     
   302  0000                     
   303  0000                     
   304  0000                     
   305  0000                     
   306  0000                     
   307  0000                     
   308  0000                     
   309  0000                     
   310  0000                     
   311  0000                     
   312  0000                     
   313  0000                     
   314  0000                     
   315  0000                     
   316  0000                     
   317  0000                     
   318  0000                     
   319  0000                     
   320  0000                     
   321  0000                     
   322  0000                     
   323  0000                     
   324  0000                     
   325  0000                     
   326  0000                     
   327  0000                     
   328  0000                     
   329  0000                     
   330  0000                     
   331  0000                     
   332  0000                     
   333  0000                     
   334  0000                     
   335  0000                     
   336  0000                     
   337  0000                     
   338  0000                     
   339  0000                     
   340  0000                     
   341  0000                     
   342  0000                     
   343  0000                     
   344  0000                     
   345  0000                     
   346  0000                     
   347  0000                     
   348  0000                     
   349  0000                     
   350  0000                     
   351  0000                     
   352  0000                     
   353  0000                     
   354  0000                     
   355  0000                     
   356  0000                     
   357  0000                     
   358  0000                     
   359  0000                     
   360  0000                     
   361  0000                     
   362  0000                     
   363  0000                     
   364  0000                     
   365  0000                     
   366  0000                     
   367  0000                     
   368  0000                     
   369  0000                     
   370  0000                     
   371  0000                     
   372  0000                     
   373  0000                     
   374  0000                     
   375  0000                     
   376  0000                     
   377  0000                     
   378  0000                     
   379  0000                     
   380  0000                     
   381  0000                     
   382  0000                     
   383  0000                     
   384  0000                     
   385  0000                     
   386  0000                     
   387  0000                     
   388  0000                     
   389  0000                     
   390  0000                     
   391  0000                     
   392  0000                     
   393  0000                     
   394  0000                     
   395  0000                     
   396  0000                     
   397  0000                     
   398  0000                     
   399  0000                     
   400  0000                     
   401  0000                     
   402  0000                     
   403  0000                     
   404  0000                     
   405  0000                     
   406  0000                     
   407  0000                     
   408  0000                     
   409  0000                     
   410  0000                     
   411  0000                     
   412  0000                     
   413  0000                     
   414  0000                     
   415  0000                     
   416  0000                     
   417  0000                     
   418  0000                     
   419  0000                     
   420  0000                     
   421  0000                     
   422  0000                     
   423  0000                     
   424  0000                     
   425  0000                     
   426  0000                     
   427  0000                     
   428  0000                     
   429  0000                     
   430  0000                     
   431  0000                     
   432  0000                     
   433  0000                     
   434  0000                     
   435  0000                     
   436  0000                     
   437  0000                     
   438  0000                     
   439  0000                     
   440  0000                     
   441  0000                     
   442  0000                     
   443  0000                     
   444  0000                     
   445  0000                     
   446  0000                     
   447  0000                     
   448  0000                     
   449  0000                     
   450  0000                     
   451  0000                     
   452  0000                     
   453  0000                     
   454  0000                     
   455  0000                     
   456  0000                     
   457  0000                     
   458  0000                     
   459  0000                     
   460  0000                     
   461  0000                     
   462  0000                     
   463  0000                     
   464  0000                     
   465  0000                     
   466  0000                     
   467  0000                     
   468  0000                     
   469  0000                     
   470  0000                     
   471  0000                     
   472  0000                     
   473  0000                     
   474  0000                     
   475  0000                     
   476  0000                     
   477  0000                     
   478  0000                     
   479  0000                     
   480  0000                     
   481  0000                     
   482  0000                     
   483  0000                     
   484  0000                     
   485  0000                     
   486  0000                     
   487  0000                     
   488  0000                     
   489  0000                     
   490  0000                     
   491  0000                     
   492  0000                     
   493  0000                     
   494  0000                     
   495  0000                     
   496  0000                     
   497  0000                     
   498  0000                     
   499  0000                     
   500  0000                     
   501  0000                     
   502  0000                     
   503  0000                     
   504  0000                     
   505  0000                     
   506  0000                     
   507  0000                     
   508  0000                     
   509  0000                     
   510  0000                     
   511  0000                     
   512  0000                     
   513  0000                     
   514  0000                     
   515  0000                     
   516  0000                     
   517  0000                     
   518  0000                     
   519  0000                     
   520  0000                     
   521  0000                     
   522  0000                     
   523  0000                     
   524  0000                     
   525  0000                     
   526  0000                     
   527  0000                     
   528  0000                     
   529  0000                     
   530  0000                     
   531  0000                     
   532  0000                     
   533  0000                     
   534  0000                     
   535  0000                     
   536  0000                     
   537  0000                     
   538  0000                     
   539  0000                     
   540  0000                     
   541  0000                     
   542  0000                     
   543  0000                     
   544  0000                     
   545  0000                     
   546  0000                     
   547  0000                     
   548  0000                     
   549  0000                     
   550  0000                     
   551  0000                     
   552  0000                     
   553  0000                     
   554  0000                     
   555  0000                     
   556  0000                     
   557  0000                     
   558  0000                     
   559  0000                     
   560  0000                     
   561                           
   562                           	psect	rbss_0
   563  0020                     _Y
   564  0020                     	ds	1
   565  0021                     _addr
   566  0021                     	ds	1
   567  0022                     _x
   568  0022                     	ds	1


HI-TECH Software PICC Macro Assembler V8.05PL1
Symbol Table                                          Tue May 20 16:32:14 2025

     ?_delay 0023            l2 07A6            l6 0795            _Y 0020  
          _x 0022      ?a_delay 0025      ?_delay1 0027           l11 000E  
         l21 07E9           l23 07D4           l24 07EA           l16 07C3  
         l19 07CF           fsr 0004     ?a_delay1 0029       _delay1 078D  
       _addr 0021   _usart_seve 000B         _main 07AF         start 003D  
     saved_w 0071     int_entry 0004        _delay 079E        _table 002B  
saved_pclath 0043        pclath 000A  saved_status 0042        status 0003  
  copy_bank0 0041      int_func 000B   clear_bank0 003D   int_restore 0038  
